

*******************************************************************************
Tue Oct  3 12:06:29 2017


FIT:    data read from 'tiempos_ordenacion.dat'
        format = z
        #datapoints = 60
        residuals are weighted equally (unit weight)

function used for fitting: f(x)
	f(x)= a*x**2 + b*x + c
fitted parameters initialized with current variable values

iter      chisq       delta/lim  lambda   a             b             c            
   0 9.4779953689e+18   0.00e+00  2.29e+08    1.000000e+00   1.000000e+00   1.000000e+00
  12 4.2030412722e-01  -9.40e-08  2.29e-04    3.882003e-09  -1.180452e-05   2.156604e-02

After 12 iterations the fit converged.
final sum of squares of residuals : 0.420304
rel. change during last iteration : -9.39705e-13

degrees of freedom    (FIT_NDF)                        : 57
rms of residuals      (FIT_STDFIT) = sqrt(WSSR/ndf)    : 0.0858706
variance of residuals (reduced chisquare) = WSSR/ndf   : 0.00737376

Final set of parameters            Asymptotic Standard Error
=======================            ==========================
a               = 3.882e-09        +/- 1.654e-10    (4.26%)
b               = -1.18045e-05     +/- 5.076e-06    (43%)
c               = 0.021566         +/- 0.03261      (151.2%)

correlation matrix of the fit parameters:
                a      b      c      
a               1.000 
b              -0.968  1.000 
c               0.738 -0.861  1.000 
